app/proguard-rules.pro
# Add project specific ProGuard rules here.
# You can control the set of applied configuration files using the
# proguardFiles setting in build.gradle.
#
# For more details, see
#   http://developer.android.com/guide/developing/tools/proguard.html

# If your project uses WebView with JS, uncomment the following
# and specify the fully qualified class name to the JavaScript interface
# class:
#-keepclassmembers class fqcn.of.javascript.interface.for.webview {
#   public *;
#}

# Uncomment this to preserve the line number information for
# debugging stack traces.
#-keepattributes SourceFile,LineNumberTable

# If you keep the line number information, uncomment this to
# hide the original source file name.
#-renamesourcefileattribute SourceFile

# 代码混淆压缩比，在0~7之间，默认为5，一般不做修改
-optimizationpasses 5

# 混合时不使用大小写混合，混合后的类名为小写
-dontusemixedcaseclassnames

# 指定不去忽略非公共库的类
-dontskipnonpubliclibraryclasses

# 指定不去忽略非公共库的类成员
-dontskipnonpubliclibraryclassmembers

# 这句话能够使我们的项目混淆后产生映射文件
# 包含有类名->混淆后类名的映射关系
-verbose

# 不做预校验，preverify是proguard的四个步骤之一，Android不需要preverify，去掉这一步能够加快混淆速度。
-dontpreverify

# 保留Annotation不混淆 这在JSON实体映射时非常重要，比如fastJson
-keepattributes *Annotation*,InnerClasses

# 避免混淆泛型
-keepattributes Signature

# 抛出异常时保留代码行号
-keepattributes SourceFile,LineNumberTable

# 指定混淆是采用的算法，后面的参数是一个过滤器
# 这个过滤器是谷歌推荐的算法，一般不做更改
-optimizations !code/simplification/cast,!field/*,!class/merging/*

# 忽略警告
-ignorewarnings

# 设置是否允许改变作用域
-allowaccessmodification

# 把混淆类中的方法名也混淆了
-useuniqueclassmembernames

# apk 包内所有 class 的内部结构
-dump class_files.txt

# 未混淆的类和成员
-printseeds seeds_txt

# 列出从apk中删除的代码
-printusage unused.txt

# 混淆前后的映射
-printmapping mapping.txt


-keep public class * extends android.app.Activity
-keep public class * extends android.app.Application
-keep public class * extends android.app.Service
-keep public class * extends android.content.BroadcastReceiver
-keep public class * extends android.content.ContentProvider
-keep public class * extends android.app.backup.BackupAgent
-keep public class * extends android.preference.Preference
-keep public class * extends android.support.v4.app.Fragment
-keep public class * extends android.app.Fragment
-keep public class * extends android.view.view
-keep public class com.android.vending.licensing.ILicensingService

#添加androidx库的混淆
-keep class com.google.android.material.** {*;}
-keep class androidx.** {*;}
-keep public class * extends androidx.**
-keep interface androidx.** {*;}
-dontwarn com.google.android.material.**
-dontnote com.google.android.material.**
-dontwarn androidx.**

-keepattributes *JavascriptInterface*


#假如项目中有用到注解,保留注解，不混淆
-keepattributes *Annotation*

#表示不混淆任何包含native方法的类的类名以及native方法名，这个和我们刚才验证的结果是一致
-keepclasseswithmembernames class * {
    native <methods>;
}

#表示不混淆枚举中的values()和valueOf()方法，枚举我用的非常少，这个就不评论了
-keepclassmembers enum * {
    public static **[] values();
    public static ** valueOf(java.lang.String);
}

-keep public class * extends android.view.View
#表示不混淆任何一个View中的setXxx()和getXxx()方法，
#因为属性动画需要有相应的setter和getter的方法实现，混淆了就无法工作了。
-keep public class * extends android.view.View{
    *** get*();
    void set*(***);
    public <init>(android.content.Context);
    public <init>(android.content.Context, android.util.AttributeSet);
    public <init>(android.content.Context, android.util.AttributeSet, int);
}

#表示不混淆Parcelable实现类中的CREATOR字段，
#毫无疑问，CREATOR字段是绝对不能改变的，包括大小写都不能变，不然整个Parcelable工作机制都会失败。
-keep class * implements android.os.Parcelable {
  public static final android.os.Parcelable$Creator *;
}
# 这指定了继承Serizalizable的类的如下成员不被移除混淆
-keepclassmembers class * implements java.io.Serializable {
    static final long serialVersionUID;
    private static final java.io.ObjectStreamField[] serialPersistentFields;
    private void writeObject(java.io.ObjectOutputStream);
    private void readObject(java.io.ObjectInputStream);
    java.lang.Object writeReplace();
    java.lang.Object readResolve();
}
# 保留R下面的资源
-keep class **.R$* {
 *;
}
#不混淆资源类下static的
-keepclassmembers class **.R$* {
    public static <fields>;
}

# 对于带有回调函数的onXXEvent、**On*Listener的，不能被混淆
-keepclassmembers class * {
    void *(**On*Event);
    void *(**On*Listener);
}

# glide 的混淆代码
-keep public class * implements com.bumptech.glide.module.GlideModule
-keep public enum com.bumptech.glide.load.resource.bitmap.ImageHeaderParser$** {
  **[] $VALUES;
  public *;
}

# buggly 相关混淆
-dontwarn com.tencent.bugly.**
-keep public class com.tencent.bugly.**{*;}
-keep class android.support.**{*;}

# eventbus 相关混淆
-keepclassmembers class * {
    @org.greenrobot.eventbus.Subscribe <methods>;
}
-keep enum org.greenrobot.eventbus.ThreadMode { *; }
-keepclassmembers class * extends org.greenrobot.eventbus.util.ThrowableFailureEvent {
    <init>(java.lang.Throwable);
}

# 图片加载相关 （我用的是glide）
-dontwarn com.bumptech.glide.**
#-dontwarn com.squareup.picasso.**
-keep public class * implements com.bumptech.glide.module.GlideModule
-keep public class * extends com.bumptech.glide.module.AppGlideModule
-keep class com.bumptech.glide.GeneratedAppGlideModuleImpl
-keep public enum com.bumptech.glide.load.ImageHeaderParser$** {
  **[] $VALUES;
  public *;
}

# for DexGuard only
#-keepresourcexmlelements manifest/application/meta-data@value=GlideModule

#
#----------------------------- WebView(项目中没有可以忽略) -----------------------------
#
#在app中与HTML5的JavaScript的交互进行特殊处理
#我们需要确保这些js要调用的原生方法不能够被混淆，于是我们需要做如下处理：
-keepclassmembers class * extends com.trj.tlib.activity.TWebActivity {
    <methods>;
}

#（可选）避免Log打印输出
-assumenosideeffects class android.util.Log {
   public static *** v(...);
   public static *** d(...);
   public static *** i(...);
   public static *** w(...);
}

-keep public class com.trjx.tbase.**{*;}

#BaseRecyclerViewAdapterHelper 混淆
-keep class com.chad.library.adapter.** {
*;
}
-keep public class * extends com.chad.library.adapter.base.BaseQuickAdapter
-keep public class * extends com.chad.library.adapter.base.BaseViewHolder
-keepclassmembers  class **$** extends com.chad.library.adapter.base.BaseViewHolder {
     <init>(...);
}
-keepattributes InnerClasses
#-keepclassmembers  class * extends com.chad.library.adapter.base.BaseViewHolder