app/mapping.txt
# compiler: R8
# compiler_version: 1.4.94
# min_api: 26
com.trj.tongandroidx.R$anim -> com.trj.tongandroidx.R$anim:
    11:11:void <init>() -> <init>
com.trj.tongandroidx.R$animator -> com.trj.tongandroidx.R$animator:
    41:41:void <init>() -> <init>
com.trj.tongandroidx.R$array -> com.trj.tongandroidx.R$array:
    53:53:void <init>() -> <init>
com.trj.tongandroidx.R$attr -> com.trj.tongandroidx.R$attr:
    56:56:void <init>() -> <init>
com.trj.tongandroidx.R$bool -> com.trj.tongandroidx.R$bool:
    5099:5099:void <init>() -> <init>
com.trj.tongandroidx.R$color -> com.trj.tongandroidx.R$color:
    5105:5105:void <init>() -> <init>
com.trj.tongandroidx.R$dimen -> com.trj.tongandroidx.R$dimen:
    5493:5493:void <init>() -> <init>
com.trj.tongandroidx.R$drawable -> com.trj.tongandroidx.R$drawable:
    5822:5822:void <init>() -> <init>
com.trj.tongandroidx.R$id -> com.trj.tongandroidx.R$id:
    5976:5976:void <init>() -> <init>
com.trj.tongandroidx.R$integer -> com.trj.tongandroidx.R$integer:
    6381:6381:void <init>() -> <init>
com.trj.tongandroidx.R$interpolator -> com.trj.tongandroidx.R$interpolator:
    6398:6398:void <init>() -> <init>
com.trj.tongandroidx.R$layout -> com.trj.tongandroidx.R$layout:
    6404:6404:void <init>() -> <init>
com.trj.tongandroidx.R$menu -> com.trj.tongandroidx.R$menu:
    6527:6527:void <init>() -> <init>
com.trj.tongandroidx.R$mipmap -> com.trj.tongandroidx.R$mipmap:
    6530:6530:void <init>() -> <init>
com.trj.tongandroidx.R$string -> com.trj.tongandroidx.R$string:
    6610:6610:void <init>() -> <init>
com.trj.tongandroidx.R$style -> com.trj.tongandroidx.R$style:
    6730:6730:void <init>() -> <init>
com.trj.tongandroidx.R$styleable -> com.trj.tongandroidx.R$styleable:
    7322:21941:void <clinit>() -> <clinit>
    7250:7250:void <init>() -> <init>
com.trj.tongandroidx.R$xml -> com.trj.tongandroidx.R$xml:
    21985:21985:void <init>() -> <init>
com.trj.tongandroidx.activity.GuideActivity -> com.trj.tongandroidx.activity.GuideActivity:
    13:13:void <init>() -> <init>
    30:31:void onClickSkipView() -> onClickSkipView
    17:18:void onCreate(android.os.Bundle) -> onCreate
    22:25:boolean setPageData(java.util.List) -> setPageData
com.trj.tongandroidx.activity.MainActivity -> com.trj.tongandroidx.activity.MainActivity:
    16:16:void <init>() -> <init>
    43:44:void test3Success(com.trj.tongandroidx.bean.resp.GoodsListModel) -> a
    38:39:void test2Success(java.util.List) -> e
    16:16:com.trjx.tbase.mvp.TModel initModel() -> initModel
    53:53:com.trj.tongandroidx.http.DemoModel initModel() -> initModel
    16:16:com.trjx.tbase.mvp.TPresenter initPersenter() -> initPersenter
    48:48:com.trj.tongandroidx.activity.MainPresenter initPersenter() -> initPersenter
    26:29:void initView() -> initView
    65:67:void onClickStateBar(android.view.View) -> onClickStateBar
    57:58:void onClickTest1(android.view.View) -> onClickTest1
    61:62:void onClickTest2(android.view.View) -> onClickTest2
    20:22:void onCreate(android.os.Bundle) -> onCreate
com.trj.tongandroidx.activity.MainPresenter -> a.e.b.a.c:
    21:22:void <init>(com.trj.tongandroidx.activity.MainView) -> <init>
    86:115:void getTest2Info_2() -> Df
    117:146:void getTest2Info_3() -> Ef
    18:18:com.google.gson.Gson access$200(com.trj.tongandroidx.activity.MainPresenter) -> a
    18:18:com.google.gson.Gson access$300(com.trj.tongandroidx.activity.MainPresenter) -> b
com.trj.tongandroidx.activity.MainPresenter$3 -> a.e.b.a.a:
    103:103:void <init>(com.trj.tongandroidx.activity.MainPresenter) -> <init>
    106:112:void onNext(com.trj.tongandroidx.bean.DemoRespBean) -> a
    103:103:void onNext(java.lang.Object) -> onNext
com.trj.tongandroidx.activity.MainPresenter$4 -> a.e.b.a.b:
    134:134:void <init>(com.trj.tongandroidx.activity.MainPresenter) -> <init>
    137:143:void onNext(com.trj.tongandroidx.bean.DemoRespBean) -> a
    134:134:void onNext(java.lang.Object) -> onNext
...
androidx.constraintlayout.widget.Constraints -> androidx.constraintlayout.widget.Constraints:
    41:43:void <init>(android.content.Context) -> <init>
    46:49:void <init>(android.content.Context,android.util.AttributeSet) -> <init>
    52:55:void <init>(android.content.Context,android.util.AttributeSet,int) -> <init>
    35:35:android.view.ViewGroup$LayoutParams generateDefaultLayoutParams() -> generateDefaultLayoutParams
    131:131:androidx.constraintlayout.widget.Constraints$LayoutParams generateDefaultLayoutParams() -> generateDefaultLayoutParams
    35:35:android.view.ViewGroup$LayoutParams generateLayoutParams(android.util.AttributeSet) -> generateLayoutParams
    62:62:androidx.constraintlayout.widget.Constraints$LayoutParams generateLayoutParams(android.util.AttributeSet) -> generateLayoutParams
    143:143:android.view.ViewGroup$LayoutParams generateLayoutParams(android.view.ViewGroup$LayoutParams) -> generateLayoutParams
    147:152:androidx.constraintlayout.widget.ConstraintSet getConstraintSet() -> getConstraintSet
    135:136:void init(android.util.AttributeSet) -> init
    159:159:void onLayout(boolean,int,int,int,int) -> onLayout
androidx.constraintlayout.widget.Constraints$LayoutParams -> androidx.constraintlayout.widget.Constraints$LayoutParams:
    82:83:void <init>(int,int) -> <init>
    86:87:void <init>(androidx.constraintlayout.widget.Constraints$LayoutParams) -> <init>
    90:122:void <init>(android.content.Context,android.util.AttributeSet) -> <init>
androidx.constraintlayout.widget.Group -> androidx.constraintlayout.widget.Group:
    39:40:void <init>(android.content.Context) -> <init>
    43:44:void <init>(android.content.Context,android.util.AttributeSet) -> <init>
    47:48:void <init>(android.content.Context,android.util.AttributeSet,int) -> <init>
    55:57:void init(android.util.AttributeSet) -> init
    88:91:void updatePostLayout(androidx.constraintlayout.widget.ConstraintLayout) -> updatePostLayout
    65:80:void updatePreLayout(androidx.constraintlayout.widget.ConstraintLayout) -> updatePreLayout
androidx.constraintlayout.widget.Guideline -> androidx.constraintlayout.widget.Guideline:
    55:57:void <init>(android.content.Context) -> <init>
    60:62:void <init>(android.content.Context,android.util.AttributeSet) -> <init>
    65:67:void <init>(android.content.Context,android.util.AttributeSet,int) -> <init>
    70:72:void <init>(android.content.Context,android.util.AttributeSet,int,int) -> <init>
    86:86:void draw(android.graphics.Canvas) -> draw
    93:94:void onMeasure(int,int) -> onMeasure
    102:105:void setGuidelineBegin(int) -> setGuidelineBegin
    113:116:void setGuidelineEnd(int) -> setGuidelineEnd
    123:126:void setGuidelinePercent(float) -> setGuidelinePercent
    79:79:void setVisibility(int) -> setVisibility
androidx.constraintlayout.widget.Placeholder -> androidx.constraintlayout.widget.Placeholder:
    49:51:void <init>(android.content.Context) -> <init>
    54:56:void <init>(android.content.Context,android.util.AttributeSet) -> <init>
    59:61:void <init>(android.content.Context,android.util.AttributeSet,int) -> <init>
    64:66:void <init>(android.content.Context,android.util.AttributeSet,int,int) -> <init>
    113:113:android.view.View getContent() -> getContent
    104:104:int getEmptyVisibility() -> getEmptyVisibility
    69:85:void init(android.util.AttributeSet) -> init
    121:140:void onDraw(android.graphics.Canvas) -> onDraw
    169:187:void setContentId(int) -> setContentId
    95:96:void setEmptyVisibility(int) -> setEmptyVisibility
    194:204:void updatePostMeasure(androidx.constraintlayout.widget.ConstraintLayout) -> updatePostMeasure
    147:161:void updatePreLayout(androidx.constraintlayout.widget.ConstraintLayout) -> updatePreLayout
androidx.constraintlayout.widget.R -> androidx.constraintlayout.widget.R:
    10:10:void <init>() -> <init>