app/unused.txt
com.trj.tongandroidx.activity.MainPresenter$1
com.trj.tongandroidx.bean.HeadInfoModel
    public java.lang.String getVersion()
    public java.lang.String getTimestamp()
    public java.lang.String getSign()
com.trj.tongandroidx.activity.MainPresenter$2
com.trj.tongandroidx.R
com.trj.tongandroidx.bean.resp.GoodsListModel
    public java.lang.Integer getId()
    public void setId(java.lang.Integer)
    public java.lang.String getGoodsName()
    public void setGoodsName(java.lang.String)
    public float getSellPrice()
    public void setSellPrice(float)
    public float getSellPriceDiscount()
    public void setSellPriceDiscount(float)
    public java.lang.String getGoodsImage()
    public void setGoodsImage(java.lang.String)
    private java.lang.Integer id
    private java.lang.String goodsName
    private float sellPrice
    private float sellPriceDiscount
    private java.lang.String goodsImage
com.trj.tongandroidx.activity.MainView
    public abstract void testSuccess(com.trj.tongandroidx.bean.TestBean)
com.trj.tongandroidx.http.RespState
    public void <init>()
com.trj.tongandroidx.bean.TestBean
com.trj.tongandroidx.bean.Users
com.trj.tongandroidx.test.TestRvViewHolder
    public void <init>(android.view.View)
com.trj.tongandroidx.http.DemoAPI
    public abstract io.reactivex.Observable test(java.lang.String)
    public abstract io.reactivex.Observable test2(int,int,int,int)
com.trj.tongandroidx.activity.MainActivity
    public void testSuccess(com.trj.tongandroidx.bean.TestBean)
com.trj.tongandroidx.http.DemoModel
    public void test(com.trj.tongandroidx.bean.req.ReqTestInfo,io.reactivex.Observer)
    public void test2(com.trj.tongandroidx.bean.req.ReqTest2Info,io.reactivex.Observer)
com.trj.tongandroidx.bean.req.ReqTest2Info
    public java.lang.String getTimestamp()
    public int getTypes()
    public int getRelatedCatids()
    public int getPage()
    public int getPageSize()
com.trj.tongandroidx.bean.DemoRespBean
    public int getStatus()
    public void setStatus(int)
    public java.lang.String getMessage()
    public void setMessage(java.lang.String)
    public void setData(java.lang.Object)
com.trj.tongandroidx.bean.req.ReqTestInfo
com.trj.tongandroidx.assist.DemoConstant
    public void <init>()
    public static final java.lang.String secret
com.trj.tongandroidx.BuildConfig
com.trj.tongandroidx.activity.MainPresenter
    static synthetic com.google.gson.Gson access$000(com.trj.tongandroidx.activity.MainPresenter)
    static synthetic com.google.gson.Gson access$100(com.trj.tongandroidx.activity.MainPresenter)
    protected void getTestInfo()
    protected void getTest2Info()
...
com.google.gson.FieldAttributes
    public java.lang.Class getDeclaringClass()
    public java.lang.String getName()
    public java.lang.reflect.Type getDeclaredType()
    public java.lang.Class getDeclaredClass()
    public java.lang.annotation.Annotation getAnnotation(java.lang.Class)
    public java.util.Collection getAnnotations()
    public boolean hasModifier(int)
    java.lang.Object get(java.lang.Object)
    boolean isSynthetic()
io.reactivex.internal.operators.observable.ObservableUsing$UsingObserver
io.reactivex.internal.operators.observable.ObservableFlatMapSingle$FlatMapSingleObserver
io.reactivex.internal.operators.flowable.FlowableFlatMap$MergeSubscriber
it.sephiroth.android.library.imagezoom.graphics.IBitmapDrawable
    public abstract android.graphics.Bitmap getBitmap()
org.greenrobot.eventbus.EventBus
    public static org.greenrobot.eventbus.EventBus getDefault()
    public static org.greenrobot.eventbus.EventBusBuilder builder()
    public static void clearCaches()
    public void <init>()
    void <init>(org.greenrobot.eventbus.EventBusBuilder)
    private void subscribe(java.lang.Object,org.greenrobot.eventbus.SubscriberMethod)
    private void checkPostStickyEventToSubscription(org.greenrobot.eventbus.Subscription,java.lang.Object)
    private boolean isMainThread()
    private void unsubscribeByEventType(java.lang.Object,java.lang.Class)
    private void postSingleEvent(java.lang.Object,org.greenrobot.eventbus.EventBus$PostingThreadState)
    private boolean postSingleEventForEventType(java.lang.Object,org.greenrobot.eventbus.EventBus$PostingThreadState,java.lang.Class)
    private void postToSubscription(org.greenrobot.eventbus.Subscription,java.lang.Object,boolean)
    private static java.util.List lookupAllEventTypes(java.lang.Class)
    static void addInterfaces(java.util.List,java.lang.Class[])
    private void handleSubscriberException(org.greenrobot.eventbus.Subscription,java.lang.Object,java.lang.Throwable)
    public synchronized boolean isRegistered(java.lang.Object)
    public void cancelEventDelivery(java.lang.Object)
    public void postSticky(java.lang.Object)
    public java.lang.Object getStickyEvent(java.lang.Class)
    public java.lang.Object removeStickyEvent(java.lang.Class)
io.reactivex.MaybeSource
    public abstract void subscribe(io.reactivex.MaybeObserver)
io.reactivex.internal.operators.parallel.ParallelFilterTry$ParallelFilterConditionalSubscriber
okhttp3.internal.cache.CacheInterceptor$cacheWritingResponse$cacheWritingSource$1
    public final boolean getCacheRequestClosed()
    public final void setCacheRequestClosed(boolean)
io.reactivex.internal.operators.single.SingleTimer
io.reactivex.internal.operators.flowable.BlockingFlowableMostRecent
io.reactivex.internal.operators.single.SingleDelayWithSingle$OtherObserver
io.reactivex.internal.operators.flowable.FlowableBufferBoundary$BufferBoundarySubscriber
io.reactivex.internal.operators.observable.ObservableWithLatestFrom$WithLatestFromObserver
io.reactivex.internal.operators.observable.ObservableFromIterable$FromIterableDisposable
io.reactivex.subscribers.SerializedSubscriber
io.reactivex.internal.operators.flowable.FlowableBlockingSubscribe